2025-03-05 11:33:23,509 - INFO: Response: Hello! I'm your emotion-aware assistant. I can detect how you're feeling and respond accordingly. Feel free to speak naturally, and I'll do my best to understand both your words and emotions. You can say 'exit' whenever you'd like to end our conversation.
2025-03-05 11:33:39,398 - INFO: Adjusting for ambient noise...
2025-03-05 11:33:40,890 - INFO: Listening for speech...
2025-03-05 11:33:44,403 - INFO: Processing speech...
2025-03-05 11:33:46,191 - INFO: Recognized Speech: Anil had a breakup last week can you suggest me
2025-03-05 11:33:46,351 - INFO: Transformer emotions: {'anger': 0.8621271848678589}
2025-03-05 11:33:46,366 - INFO: VADER sentiment: {'neg': 0.0, 'neu': 1.0, 'pos': 0.0, 'compound': 0.0}
2025-03-05 11:33:46,366 - INFO: Combined analysis: {'anger': 0.8621271848678589}
2025-03-05 11:33:46,366 - INFO: Detected emotion: anger (0.8621)
2025-03-05 11:33:50,758 - INFO: Response: Breakups are so tough, and I can only imagine how much Anil is hurting right now.  Is there something specific you'd like suggestions on? Perhaps ways to support him, or things he could do to help himself feel better?  I'm here to help in any way I can.
2025-03-05 11:34:06,570 - INFO: Adjusting for ambient noise...
2025-03-05 11:34:08,061 - INFO: Listening for speech...
2025-03-05 11:34:10,118 - INFO: Processing speech...
2025-03-05 11:34:11,661 - INFO: Recognized Speech: actually Anil is
2025-03-05 11:34:11,719 - INFO: Transformer emotions: {'anger': 0.8060984015464783}
2025-03-05 11:34:11,719 - INFO: VADER sentiment: {'neg': 0.0, 'neu': 1.0, 'pos': 0.0, 'compound': 0.0}
2025-03-05 11:34:11,719 - INFO: Combined analysis: {'anger': 0.8060984015464783}
2025-03-05 11:34:11,719 - INFO: Detected emotion: anger (0.8061)
2025-03-05 11:34:15,430 - INFO: Response: It sounds like you're struggling to even talk about it.  Take a deep breath. It's okay to be angry or upset about Anil's situation. What were you going to say about him?
2025-03-05 11:34:26,464 - INFO: Adjusting for ambient noise...
2025-03-05 11:34:27,956 - INFO: Listening for speech...
2025-03-05 11:34:31,169 - INFO: Processing speech...
2025-03-05 11:34:34,144 - INFO: Recognized Speech: Anil Anil is a sexually not attracted
2025-03-05 11:34:34,251 - INFO: Transformer emotions: {'love': 0.6568702459335327}
2025-03-05 11:34:34,251 - INFO: VADER sentiment: {'neg': 0.318, 'neu': 0.682, 'pos': 0.0, 'compound': -0.3252}
2025-03-05 11:34:34,251 - INFO: Combined analysis: {'love': 0.6568702459335327}
2025-03-05 11:34:34,253 - INFO: Detected emotion: love (0.6569)
2025-03-05 11:34:36,338 - INFO: Response: It sounds like you're talking about something quite personal and sensitive regarding Anil.  If you'd like to talk more about it, I'm here to listen without judgment.  Sometimes these feelings can be confusing.  Are you comfortable sharing more about what you're thinking or feeling?
2025-03-05 11:34:51,993 - INFO: Adjusting for ambient noise...
2025-03-05 11:34:53,486 - INFO: Listening for speech...
2025-03-05 11:34:55,866 - INFO: Processing speech...
2025-03-05 11:35:05,058 - ERROR: Speech recognition service error: recognition connection failed: [WinError 10053] An established connection was aborted by the software in your host machine
2025-03-05 11:35:05,059 - INFO: Response: I didn't catch that. Could you please repeat?
2025-03-05 11:35:08,835 - INFO: Adjusting for ambient noise...
2025-03-05 11:35:10,327 - INFO: Listening for speech...
2025-03-05 11:35:12,681 - INFO: Processing speech...
2025-03-05 11:35:12,723 - ERROR: Speech recognition service error: recognition connection failed: [Errno 11001] getaddrinfo failed
2025-03-05 11:35:12,723 - INFO: Response: I didn't catch that. Could you please repeat?
2025-03-05 11:35:16,519 - INFO: Adjusting for ambient noise...
2025-03-05 11:35:18,010 - INFO: Listening for speech...
2025-03-05 11:35:20,020 - INFO: Processing speech...
2025-03-05 11:35:20,054 - ERROR: Speech recognition service error: recognition connection failed: [Errno 11001] getaddrinfo failed
2025-03-05 11:35:20,055 - INFO: Response: I'm having trouble hearing you clearly. Please check your microphone or try again in a quieter environment.
2025-03-05 11:35:26,715 - INFO: Adjusting for ambient noise...
2025-03-05 11:35:28,207 - INFO: Listening for speech...
2025-03-05 11:35:32,309 - INFO: Processing speech...
2025-03-05 11:35:32,329 - ERROR: Speech recognition service error: recognition connection failed: [Errno 11001] getaddrinfo failed
2025-03-05 11:35:32,329 - INFO: Response: I didn't catch that. Could you please repeat?
2025-03-05 11:35:36,134 - INFO: Adjusting for ambient noise...
2025-03-05 11:35:36,399 - INFO: Chatbot session ended.
