2025-03-19 14:32:56,102 - INFO: Response: Hello! I'm your emotion-aware assistant. I can detect how you're feeling and respond accordingly. Feel free to speak naturally, and I'll do my best to understand both your words and emotions. You can say 'exit' whenever you'd like to end our conversation.
2025-03-19 14:33:12,102 - INFO: Adjusting for ambient noise...
2025-03-19 14:33:13,594 - INFO: Listening for speech...
2025-03-19 14:33:18,136 - INFO: Processing speech...
2025-03-19 14:33:19,531 - WARNING: Could not understand audio
2025-03-19 14:33:19,532 - INFO: Response: I didn't catch that. Could you please repeat?
2025-03-19 14:33:23,349 - INFO: Adjusting for ambient noise...
2025-03-19 14:33:24,842 - INFO: Listening for speech...
2025-03-19 14:33:27,244 - INFO: Processing speech...
2025-03-19 14:33:28,338 - WARNING: Could not understand audio
2025-03-19 14:33:28,338 - INFO: Response: I didn't catch that. Could you please repeat?
2025-03-19 14:33:32,166 - INFO: Adjusting for ambient noise...
2025-03-19 14:33:33,659 - INFO: Listening for speech...
2025-03-19 14:33:38,612 - INFO: Processing speech...
2025-03-19 14:33:40,216 - INFO: Recognized Speech: what's the time now
2025-03-19 14:33:40,372 - INFO: Transformer emotions: {'anger': 0.8702601194381714}
2025-03-19 14:33:40,373 - INFO: VADER sentiment: {'neg': 0.0, 'neu': 1.0, 'pos': 0.0, 'compound': 0.0}
2025-03-19 14:33:40,373 - INFO: Combined analysis: {'anger': 0.8702601194381714}
2025-03-19 14:33:40,373 - INFO: Detected emotion: anger (0.8703)
2025-03-19 14:33:42,676 - INFO: Response: I hear the frustration in your voice.  Is everything alright?  What can I help you with?  Telling me the time is no problem, it's [current time].
2025-03-19 14:33:52,562 - INFO: Adjusting for ambient noise...
2025-03-19 14:33:54,054 - INFO: Listening for speech...
2025-03-19 14:34:04,148 - INFO: Processing speech...
2025-03-19 14:34:06,432 - INFO: Recognized Speech: exit
2025-03-19 14:34:06,435 - INFO: Response: Thank you for chatting with me. Take care, and goodbye!
2025-03-19 14:34:10,716 - INFO: Chatbot session ended.
